#
# There is insufficient memory for the Java Runtime Environment to continue.
# Native memory allocation (mmap) failed to map 268435456 bytes for Failed to commit area from 0x0000000701000000 to 0x0000000711000000 of length 268435456.
# Possible reasons:
#   The system is out of physical RAM or swap space
#   The process is running with CompressedOops enabled, and the Java Heap may be blocking the growth of the native heap
# Possible solutions:
#   Reduce memory load on the system
#   Increase physical memory or swap space
#   Check if swap backing store is full
#   Decrease Java heap size (-Xmx/-Xms)
#   Decrease number of Java threads
#   Decrease Java thread stack sizes (-Xss)
#   Set larger code cache with -XX:ReservedCodeCacheSize=
#   JVM is running with Zero Based Compressed Oops mode in which the Java heap is
#     placed in the first 32GB address space. The Java Heap base address is the
#     maximum limit for the native heap growth. Please use -XX:HeapBaseMinAddress
#     to set the Java Heap base and to place the Java Heap above 32GB virtual address.
# This output file may be truncated or incomplete.
#
#  Out of Memory Error (./open/src/hotspot/os/windows/os_windows.cpp:3315), pid=171216, tid=55168
#
# JRE version:  (14.0.2+12) (build )
# Java VM: Java HotSpot(TM) 64-Bit Server VM (14.0.2+12-46, mixed mode, sharing, tiered, compressed oops, g1 gc, windows-amd64)
# No core dump will be written. Minidumps are not enabled by default on client versions of Windows
#

---------------  S U M M A R Y ------------

Command Line: -javaagent:F:\Idea\IntelliJ IDEA 2020.2\lib\idea_rt.jar=4894:F:\Idea\IntelliJ IDEA 2020.2\bin -Dfile.encoding=UTF-8 Clumsy_Factorial

Host: Intel(R) Core(TM) i7-7700 CPU @ 3.60GHz, 8 cores, 15G,  Windows 10 , 64 bit Build 18362 (10.0.18362.1110)
Time: Thu Apr  1 13:14:17 2021 ?D1¨²¡À¨º¡Á?¨º¡À?? elapsed time: 0 seconds (0d 0h 0m 0s)

---------------  T H R E A D  ---------------

Current thread (0x0000020663d8b000):  JavaThread "Unknown thread" [_thread_in_vm, id=55168, stack(0x00000071e9e00000,0x00000071e9f00000)]

Stack: [0x00000071e9e00000,0x00000071e9f00000]
Native frames: (J=compiled Java code, j=interpreted, Vv=VM code, C=native code)
V  [jvm.dll+0x5f8a9a]
V  [jvm.dll+0x74247a]
V  [jvm.dll+0x743c2f]
V  [jvm.dll+0x744273]
V  [jvm.dll+0x20d288]
V  [jvm.dll+0x5f5dea]
V  [jvm.dll+0x5eac45]
V  [jvm.dll+0x2c7e9c]
V  [jvm.dll+0x2c7cd2]
V  [jvm.dll+0x2cdbbc]
V  [jvm.dll+0x313fe8]
V  [jvm.dll+0x313710]
V  [jvm.dll+0x2a092a]
V  [jvm.dll+0x2a1a79]
V  [jvm.dll+0x71fd48]
V  [jvm.dll+0x321c14]
V  [jvm.dll+0x70112c]
V  [jvm.dll+0x392def]
V  [jvm.dll+0x394e61]
C  [jli.dll+0x524b]
C  [ucrtbase.dll+0x210b2]
C  [KERNEL32.DLL+0x17c24]
C  [ntdll.dll+0x6d4d1]


---------------  P R O C E S S  ---------------

Threads class SMR info:
_java_thread_list=0x00007ffbefdc3038, length=0, elements={
}

Java Threads: ( => current thread )

Other Threads:
  0x0000020663df4000 GCTaskThread "GC Thread#0" [stack: 0x00000071e9f00000,0x00000071ea000000] [id=62352]
  0x0000020663e15800 ConcurrentGCThread "G1 Main Marker" [stack: 0x00000071ea000000,0x00000071ea100000] [id=13400]
  0x0000020663e16800 ConcurrentGCThread "G1 Conc#0" [stack: 0x00000071ea100000,0x00000071ea200000] [id=105824]

[error occurred during error reporting (printing all threads), id 0xc0000005, EXCEPTION_ACCESS_VIOLATION (0xc0000005) at pc=0x00007ffbef5f1257]

VM state:not at safepoint (not fully initialized)

VM Mutex/Monitor currently owned by a thread:  ([mutex/lock_event])
[0x0000020663d88830] Heap_lock - owner thread: 0x0000020663d8b000

Heap address: 0x0000000701000000, size: 4080 MB, Compressed Oops mode: Zero based, Oop shift amount: 3
Narrow klass base: 0x0000000000000000, Narrow klass shift: 0

GC Heap History (0 events):
No events

Deoptimization events (0 events):
No events

Classes unloaded (0 events):
No events

Classes redefined (0 events):
No events

Internal exceptions (0 events):
No events

Events (2 events):
Event: 0.015 Loaded shared library F:\jdk\bin\java.dll
Event: 0.016 Loaded shared library F:\jdk\bin\zip.dll


Dynamic libraries:
0x00007ff624ea0000 - 0x00007ff624eaf000 	F:\jdk\bin\java.exe
0x00007ffc19a20000 - 0x00007ffc19c10000 	C:\WINDOWS\SYSTEM32\ntdll.dll
0x00007ffc17f60000 - 0x00007ffc18012000 	C:\WINDOWS\System32\KERNEL32.DLL
0x00007ffc16af0000 - 0x00007ffc16d95000 	C:\WINDOWS\System32\KERNELBASE.dll
0x00007ffc177e0000 - 0x00007ffc178da000 	C:\WINDOWS\System32\ucrtbase.dll
0x00007ffc12ff0000 - 0x00007ffc13008000 	F:\jdk\bin\jli.dll
0x00007ffc13010000 - 0x00007ffc13025000 	F:\jdk\bin\VCRUNTIME140.dll
0x00007ffc193e0000 - 0x00007ffc19483000 	C:\WINDOWS\System32\ADVAPI32.dll
0x00007ffc18860000 - 0x00007ffc188fe000 	C:\WINDOWS\System32\msvcrt.dll
0x00007ffc19340000 - 0x00007ffc193d7000 	C:\WINDOWS\System32\sechost.dll
0x00007ffc19060000 - 0x00007ffc19180000 	C:\WINDOWS\System32\RPCRT4.dll
0x00007ffc195c0000 - 0x00007ffc19754000 	C:\WINDOWS\System32\USER32.dll
0x00007ffc17630000 - 0x00007ffc17651000 	C:\WINDOWS\System32\win32u.dll
0x00007ffc194b0000 - 0x00007ffc194d6000 	C:\WINDOWS\System32\GDI32.dll
0x00007ffc178e0000 - 0x00007ffc17a76000 	C:\WINDOWS\System32\gdi32full.dll
0x00007ffc17590000 - 0x00007ffc1762e000 	C:\WINDOWS\System32\msvcp_win.dll
0x00007ffc049b0000 - 0x00007ffc04c34000 	C:\WINDOWS\WinSxS\amd64_microsoft.windows.common-controls_6595b64144ccf1df_6.0.18362.1256_none_9e7e379be45e40e2\COMCTL32.dll
0x00007ffc17c20000 - 0x00007ffc17f56000 	C:\WINDOWS\System32\combase.dll
0x00007ffc16a60000 - 0x00007ffc16ae1000 	C:\WINDOWS\System32\bcryptPrimitives.dll
0x00007ffc0f450000 - 0x00007ffc0f45a000 	C:\WINDOWS\SYSTEM32\VERSION.dll
0x00007ffc18710000 - 0x00007ffc1873e000 	C:\WINDOWS\System32\IMM32.DLL
0x00007ffbfe220000 - 0x00007ffbfe2bb000 	F:\jdk\bin\msvcp140.dll
0x00007ffbef340000 - 0x00007ffbefe5e000 	F:\jdk\bin\server\jvm.dll
0x00007ffc18540000 - 0x00007ffc18548000 	C:\WINDOWS\System32\PSAPI.DLL
0x00007ffc133a0000 - 0x00007ffc133a9000 	C:\WINDOWS\SYSTEM32\WSOCK32.dll
0x00007ffc18ff0000 - 0x00007ffc1905f000 	C:\WINDOWS\System32\WS2_32.dll
0x00007ffc14a30000 - 0x00007ffc14a54000 	C:\WINDOWS\SYSTEM32\WINMM.dll
0x00007ffc148a0000 - 0x00007ffc148cd000 	C:\WINDOWS\SYSTEM32\winmmbase.dll
0x00007ffc17a80000 - 0x00007ffc17aca000 	C:\WINDOWS\System32\cfgmgr32.dll
0x00007ffc168d0000 - 0x00007ffc168e1000 	C:\WINDOWS\System32\kernel.appcore.dll
0x00007ffc12fe0000 - 0x00007ffc12fea000 	F:\jdk\bin\jimage.dll
0x00007ffc024b0000 - 0x00007ffc026a4000 	C:\WINDOWS\SYSTEM32\DBGHELP.DLL
0x00007ffc02350000 - 0x00007ffc0237a000 	C:\WINDOWS\SYSTEM32\dbgcore.DLL
0x00007ffc12f10000 - 0x00007ffc12f1e000 	F:\jdk\bin\instrument.dll
0x00007ffc12fb0000 - 0x00007ffc12fd5000 	F:\jdk\bin\java.dll
0x00007ffc12f90000 - 0x00007ffc12fa6000 	F:\jdk\bin\zip.dll

dbghelp: loaded successfully - version: 4.0.5 - missing functions: none
symbol engine: initialized successfully - sym options: 0x614 - pdb path: .;F:\jdk\bin;C:\WINDOWS\SYSTEM32;C:\WINDOWS\WinSxS\amd64_microsoft.windows.common-controls_6595b64144ccf1df_6.0.18362.1256_none_9e7e379be45e40e2;F:\jdk\bin\server

VM Arguments:
jvm_args: -javaagent:F:\Idea\IntelliJ IDEA 2020.2\lib\idea_rt.jar=4894:F:\Idea\IntelliJ IDEA 2020.2\bin -Dfile.encoding=UTF-8 
java_command: Clumsy_Factorial
java_class_path (initial): E:\IdeaProjects\leetcode\out\production\leetcode
Launcher Type: SUN_STANDARD

[Global flags]
     intx CICompilerCount                          = 4                                         {product} {ergonomic}
     uint ConcGCThreads                            = 2                                         {product} {ergonomic}
     uint G1ConcRefinementThreads                  = 8                                         {product} {ergonomic}
   size_t G1HeapRegionSize                         = 1048576                                   {product} {ergonomic}
    uintx GCDrainStackTargetSize                   = 64                                        {product} {ergonomic}
   size_t InitialHeapSize                          = 268435456                                 {product} {ergonomic}
   size_t MarkStackSize                            = 4194304                                   {product} {ergonomic}
   size_t MaxHeapSize                              = 4278190080                                {product} {ergonomic}
   size_t MinHeapDeltaBytes                        = 1048576                                   {product} {ergonomic}
   size_t MinHeapSize                              = 8388608                                   {product} {ergonomic}
    uintx NonNMethodCodeHeapSize                   = 5839372                                {pd product} {ergonomic}
    uintx NonProfiledCodeHeapSize                  = 122909434                              {pd product} {ergonomic}
    uintx ProfiledCodeHeapSize                     = 122909434                              {pd product} {ergonomic}
    uintx ReservedCodeCacheSize                    = 251658240                              {pd product} {ergonomic}
     bool SegmentedCodeCache                       = true                                      {product} {ergonomic}
   size_t SoftMaxHeapSize                          = 4278190080                             {manageable} {ergonomic}
     bool UseCompressedClassPointers               = true                                 {lp64_product} {ergonomic}
     bool UseCompressedOops                        = true                                 {lp64_product} {ergonomic}
     bool UseG1GC                                  = true                                      {product} {ergonomic}
     bool UseLargePagesIndividualAllocation        = false                                  {pd product} {ergonomic}

Logging:
Log output configuration:
 #0: stdout all=warning uptime,level,tags
 #1: stderr all=off uptime,level,tags

Environment Variables:
JAVA_HOME=F:\jdk
CLASSPATH=.;F:\jdk\lib;F:\jdk\lib\tools.jar;F:\tomcat\apache-tomcat-8.5.61\lib\servlet-api.jar;
PATH=C:\Program Files (x86)\Common Files\Intel\Shared Libraries\redist\intel64\compiler;C:\Windows\system32;C:\Windows;C:\Windows\System32\Wbem;C:\Windows\System32\WindowsPowerShell\v1.0\;C:\Windows\System32\OpenSSH\;C:\Program Files (x86)\NVIDIA Corporation\PhysX\Common;C:\Program Files\NVIDIA Corporation\NVIDIA NvDLISR;C:\WINDOWS\system32;C:\WINDOWS;C:\WINDOWS\System32\Wbem;C:\WINDOWS\System32\WindowsPowerShell\v1.0\;C:\WINDOWS\System32\OpenSSH\;F:\jdk\bin;C:\Program Files\MySQL\MySQL Server 8.0\bin;F:\NIRx\MATLAB Compiler Runtime\v82\runtime\win64;F:\NIRx\nirsite\NIRx\Miniconda3;F:\NIRx\nirsite\NIRx\Miniconda3\Scripts;F:\NIRx\nirsite\NIRx\Miniconda3\Library\bin;F:\tomcat\apache-tomcat-8.5.61\bin;C:\Program Files\MySQL\MySQL Shell 8.0\bin\;F:\python\Scripts\;F:\python\;C:\Users\yangl\AppData\Local\Microsoft\WindowsApps;F:\JetBrains\PyCharm Community Edition 2020.1.1\bin;;;F:\Idea\IntelliJ IDEA 2020.2\bin;;F:\JetBrains\CLion 2020.2.4\bin;
USERNAME=yangl
OS=Windows_NT
PROCESSOR_IDENTIFIER=Intel64 Family 6 Model 158 Stepping 9, GenuineIntel



---------------  S Y S T E M  ---------------

OS: Windows 10 , 64 bit Build 18362 (10.0.18362.1110)
OS uptime: 34 days 18:13 hours

CPU:total 8 (initial active 8) (4 cores per cpu, 2 threads per core) family 6 model 158 stepping 9, cmov, cx8, fxsr, mmx, sse, sse2, sse3, ssse3, sse4.1, sse4.2, popcnt, avx, avx2, aes, clmul, erms, rtm, 3dnowpref, lzcnt, ht, tsc, tscinvbit, bmi1, bmi2, adx, fma

Memory: 4k page, system-wide physical 16312M (2649M free)
TotalPageFile size 41706M (AvailPageFile size 148M)
current process WorkingSet (physical memory assigned to process): 10M, peak: 10M
current process commit charge ("private bytes"): 61M, peak: 317M

vm_info: Java HotSpot(TM) 64-Bit Server VM (14.0.2+12-46) for windows-amd64 JRE (14.0.2+12-46), built on Jul  9 2020 00:35:52 by "mach5one" with MS VC++ 15.9 (VS2017)

END.
